build/app/intermediates/manifest_merge_blame_file/debug/manifest-merger-blame-debug-report.txt
1<?xml version="1.0" encoding="utf-8"?>
2<manifest xmlns:android="http://schemas.android.com/apk/res/android"
3    package="com.jay.focuspulse"
4    android:versionCode="1"
5    android:versionName="1.0.0" >
6
7    <uses-sdk
8        android:minSdkVersion="23"
9        android:targetSdkVersion="35" />
10    <!--
11         The INTERNET permission is required for development. Specifically,
12         the Flutter tool needs it to communicate with the running application
13         to allow setting breakpoints, to provide hot reload, etc.
14    -->
15    <uses-permission android:name="android.permission.INTERNET" />
15-->src/debug/AndroidManifest.xml:6:5-66
15-->src/debug/AndroidManifest.xml:6:22-64
16    <!--
17     Required to query activities that can process text, see:
18         https://developer.android.com/training/package-visibility and
19         https://developer.android.com/reference/android/content/Intent#ACTION_PROCESS_TEXT.
20
21         In particular, this is used by the Flutter engine in io.flutter.plugin.text.ProcessTextPlugin.
22    -->
23    <queries>
23-->src/main/AndroidManifest.xml:42:5-47:15
24        <intent>
24-->src/main/AndroidManifest.xml:43:9-46:18
25            <action android:name="android.intent.action.PROCESS_TEXT" />
25-->src/main/AndroidManifest.xml:44:13-72
25-->src/main/AndroidManifest.xml:44:21-70
26
27            <data android:mimeType="text/plain" />
27-->src/main/AndroidManifest.xml:45:13-50
27-->src/main/AndroidManifest.xml:45:19-48
28        </intent>
29        <!-- For browser content -->
30        <intent>
30-->[com.google.android.gms:play-services-ads-api:24.1.0] AndroidManifest.xml:38:9-44:18
31            <action android:name="android.intent.action.VIEW" />
31-->[com.google.android.gms:play-services-ads-api:24.1.0] AndroidManifest.xml:39:13-65
31-->[com.google.android.gms:play-services-ads-api:24.1.0] AndroidManifest.xml:39:21-62
32
33            <category android:name="android.intent.category.BROWSABLE" />
33-->[com.google.android.gms:play-services-ads-api:24.1.0] AndroidManifest.xml:41:13-74
33-->[com.google.android.gms:play-services-ads-api:24.1.0] AndroidManifest.xml:41:23-71
34
35            <data android:scheme="https" />
35-->src/main/AndroidManifest.xml:45:13-50
36        </intent> <!-- End of browser content -->
37        <!-- For CustomTabsService -->
38        <intent>
38-->[com.google.android.gms:play-services-ads-api:24.1.0] AndroidManifest.xml:47:9-49:18
39            <action android:name="android.support.customtabs.action.CustomTabsService" />
39-->[com.google.android.gms:play-services-ads-api:24.1.0] AndroidManifest.xml:48:13-90
39-->[com.google.android.gms:play-services-ads-api:24.1.0] AndroidManifest.xml:48:21-87
40        </intent> <!-- End of CustomTabsService -->
41        <!-- For MRAID capabilities -->
42        <intent>
42-->[com.google.android.gms:play-services-ads-api:24.1.0] AndroidManifest.xml:52:9-56:18
43            <action android:name="android.intent.action.INSERT" />
43-->[com.google.android.gms:play-services-ads-api:24.1.0] AndroidManifest.xml:53:13-67
43-->[com.google.android.gms:play-services-ads-api:24.1.0] AndroidManifest.xml:53:21-64
44
45            <data android:mimeType="vnd.android.cursor.dir/event" />
45-->src/main/AndroidManifest.xml:45:13-50
45-->src/main/AndroidManifest.xml:45:19-48
46        </intent>
47        <intent>
47-->[com.google.android.gms:play-services-ads-api:24.1.0] AndroidManifest.xml:57:9-61:18
48            <action android:name="android.intent.action.VIEW" />
48-->[com.google.android.gms:play-services-ads-api:24.1.0] AndroidManifest.xml:39:13-65
48-->[com.google.android.gms:play-services-ads-api:24.1.0] AndroidManifest.xml:39:21-62
49
50            <data android:scheme="sms" />
50-->src/main/AndroidManifest.xml:45:13-50
51        </intent>
52        <intent>
52-->[com.google.android.gms:play-services-ads-api:24.1.0] AndroidManifest.xml:62:9-66:18
53            <action android:name="android.intent.action.DIAL" />
53-->[com.google.android.gms:play-services-ads-api:24.1.0] AndroidManifest.xml:63:13-65
53-->[com.google.android.gms:play-services-ads-api:24.1.0] AndroidManifest.xml:63:21-62
54
55            <data android:path="tel:" />
55-->src/main/AndroidManifest.xml:45:13-50
56        </intent>
57    </queries>
58
59    <uses-permission android:name="android.permission.ACCESS_NETWORK_STATE" />
59-->[com.google.android.gms:play-services-ads-api:24.1.0] AndroidManifest.xml:25:5-79
59-->[com.google.android.gms:play-services-ads-api:24.1.0] AndroidManifest.xml:25:22-76
60    <uses-permission android:name="com.google.android.gms.permission.AD_ID" />
60-->[com.google.android.gms:play-services-ads-api:24.1.0] AndroidManifest.xml:26:5-79
60-->[com.google.android.gms:play-services-ads-api:24.1.0] AndroidManifest.xml:26:22-76
61    <uses-permission android:name="android.permission.ACCESS_ADSERVICES_AD_ID" />
61-->[com.google.android.gms:play-services-ads-api:24.1.0] AndroidManifest.xml:27:5-82
61-->[com.google.android.gms:play-services-ads-api:24.1.0] AndroidManifest.xml:27:22-79
62    <uses-permission android:name="android.permission.ACCESS_ADSERVICES_ATTRIBUTION" />
62-->[com.google.android.gms:play-services-ads-api:24.1.0] AndroidManifest.xml:28:5-88
62-->[com.google.android.gms:play-services-ads-api:24.1.0] AndroidManifest.xml:28:22-85
63    <uses-permission android:name="android.permission.ACCESS_ADSERVICES_TOPICS" />
63-->[com.google.android.gms:play-services-ads-api:24.1.0] AndroidManifest.xml:29:5-83
63-->[com.google.android.gms:play-services-ads-api:24.1.0] AndroidManifest.xml:29:22-80
64    <uses-permission android:name="android.permission.WAKE_LOCK" />
64-->[com.google.android.gms:play-services-measurement-sdk-api:20.1.2] AndroidManifest.xml:25:5-68
64-->[com.google.android.gms:play-services-measurement-sdk-api:20.1.2] AndroidManifest.xml:25:22-65
65    <uses-permission android:name="android.permission.FOREGROUND_SERVICE" />
65-->[androidx.work:work-runtime:2.7.0] AndroidManifest.xml:28:5-77
65-->[androidx.work:work-runtime:2.7.0] AndroidManifest.xml:28:22-74
66
67    <permission
67-->[androidx.core:core:1.13.1] AndroidManifest.xml:22:5-24:47
68        android:name="com.jay.focuspulse.DYNAMIC_RECEIVER_NOT_EXPORTED_PERMISSION"
68-->[androidx.core:core:1.13.1] AndroidManifest.xml:23:9-81
69        android:protectionLevel="signature" />
69-->[androidx.core:core:1.13.1] AndroidManifest.xml:24:9-44
70
71    <uses-permission android:name="com.jay.focuspulse.DYNAMIC_RECEIVER_NOT_EXPORTED_PERMISSION" />
71-->[androidx.core:core:1.13.1] AndroidManifest.xml:26:5-97
71-->[androidx.core:core:1.13.1] AndroidManifest.xml:26:22-94
72
73    <application
73-->src/main/AndroidManifest.xml:2:5-36:19
74        android:appComponentFactory="androidx.core.app.CoreComponentFactory"
74-->[androidx.core:core:1.13.1] AndroidManifest.xml:28:18-86
75        android:debuggable="true"
76        android:extractNativeLibs="false"
77        android:icon="@mipmap/ic_launcher"
77-->src/main/AndroidManifest.xml:4:9-43
78        android:label="FOCUSPULSE" >
78-->src/main/AndroidManifest.xml:3:9-35
79        <meta-data
79-->src/main/AndroidManifest.xml:5:9-7:69
80            android:name="com.google.android.gms.ads.APPLICATION_ID"
80-->src/main/AndroidManifest.xml:6:13-69
81            android:value="ca-app-pub-4654745491099162~8536590208" />
81-->src/main/AndroidManifest.xml:7:13-67
82
83        <activity
83-->src/main/AndroidManifest.xml:8:9-30:20
84            android:name="com.jay.focuspulse.MainActivity"
84-->src/main/AndroidManifest.xml:9:13-41
85            android:configChanges="orientation|keyboardHidden|keyboard|screenSize|smallestScreenSize|locale|layoutDirection|fontScale|screenLayout|density|uiMode"
85-->src/main/AndroidManifest.xml:14:13-163
86            android:exported="true"
86-->src/main/AndroidManifest.xml:10:13-36
87            android:hardwareAccelerated="true"
87-->src/main/AndroidManifest.xml:15:13-47
88            android:launchMode="singleTop"
88-->src/main/AndroidManifest.xml:11:13-43
89            android:taskAffinity=""
89-->src/main/AndroidManifest.xml:12:13-36
90            android:theme="@style/LaunchTheme"
90-->src/main/AndroidManifest.xml:13:13-47
91            android:windowSoftInputMode="adjustResize" >
91-->src/main/AndroidManifest.xml:16:13-55
92
93            <!--
94                 Specifies an Android theme to apply to this Activity as soon as
95                 the Android process has started. This theme is visible to the user
96                 while the Flutter UI initializes. After that, this theme continues
97                 to determine the Window background behind the Flutter UI.
98            -->
99            <meta-data
99-->src/main/AndroidManifest.xml:21:13-24:17
100                android:name="io.flutter.embedding.android.NormalTheme"
100-->src/main/AndroidManifest.xml:22:15-70
101                android:resource="@style/NormalTheme" />
101-->src/main/AndroidManifest.xml:23:15-52
102
103            <intent-filter>
103-->src/main/AndroidManifest.xml:26:13-29:29
104                <action android:name="android.intent.action.MAIN" />
104-->src/main/AndroidManifest.xml:27:17-68
104-->src/main/AndroidManifest.xml:27:25-66
105
106                <category android:name="android.intent.category.LAUNCHER" />
106-->src/main/AndroidManifest.xml:28:17-76
106-->src/main/AndroidManifest.xml:28:27-74
107            </intent-filter>
108        </activity>
109        <!--
110             Don't delete the meta-data below.
111             This is used by the Flutter tool to generate GeneratedPluginRegistrant.java
112        -->
113        <meta-data
113-->src/main/AndroidManifest.xml:33:9-35:33
114            android:name="flutterEmbedding"
114-->src/main/AndroidManifest.xml:34:13-44
115            android:value="2" />
115-->src/main/AndroidManifest.xml:35:13-30
116        <meta-data
116-->[:google_mobile_ads] AndroidManifest.xml:12:9-14:36
117            android:name="io.flutter.embedded_views_preview"
117-->[:google_mobile_ads] AndroidManifest.xml:13:13-61
118            android:value="true" /> <!-- Include the AdActivity and InAppPurchaseActivity configChanges and themes. -->
118-->[:google_mobile_ads] AndroidManifest.xml:14:13-33
119        <activity
119-->[com.google.android.gms:play-services-ads-api:24.1.0] AndroidManifest.xml:73:9-78:43
120            android:name="com.google.android.gms.ads.AdActivity"
120-->[com.google.android.gms:play-services-ads-api:24.1.0] AndroidManifest.xml:74:13-65
121            android:configChanges="keyboard|keyboardHidden|orientation|screenLayout|uiMode|screenSize|smallestScreenSize"
121-->[com.google.android.gms:play-services-ads-api:24.1.0] AndroidManifest.xml:75:13-122
122            android:exported="false"
122-->[com.google.android.gms:play-services-ads-api:24.1.0] AndroidManifest.xml:76:13-37
123            android:theme="@android:style/Theme.Translucent" />
123-->[com.google.android.gms:play-services-ads-api:24.1.0] AndroidManifest.xml:77:13-61
124
125        <provider
125-->[com.google.android.gms:play-services-ads-api:24.1.0] AndroidManifest.xml:80:9-85:43
126            android:name="com.google.android.gms.ads.MobileAdsInitProvider"
126-->[com.google.android.gms:play-services-ads-api:24.1.0] AndroidManifest.xml:81:13-76
127            android:authorities="com.jay.focuspulse.mobileadsinitprovider"
127-->[com.google.android.gms:play-services-ads-api:24.1.0] AndroidManifest.xml:82:13-73
128            android:exported="false"
128-->[com.google.android.gms:play-services-ads-api:24.1.0] AndroidManifest.xml:83:13-37
129            android:initOrder="100" />
129-->[com.google.android.gms:play-services-ads-api:24.1.0] AndroidManifest.xml:84:13-36
130
131        <service
131-->[com.google.android.gms:play-services-ads-api:24.1.0] AndroidManifest.xml:87:9-91:43
132            android:name="com.google.android.gms.ads.AdService"
132-->[com.google.android.gms:play-services-ads-api:24.1.0] AndroidManifest.xml:88:13-64
133            android:enabled="true"
133-->[com.google.android.gms:play-services-ads-api:24.1.0] AndroidManifest.xml:89:13-35
134            android:exported="false" />
134-->[com.google.android.gms:play-services-ads-api:24.1.0] AndroidManifest.xml:90:13-37
135
136        <activity
136-->[com.google.android.gms:play-services-ads-api:24.1.0] AndroidManifest.xml:93:9-97:43
137            android:name="com.google.android.gms.ads.OutOfContextTestingActivity"
137-->[com.google.android.gms:play-services-ads-api:24.1.0] AndroidManifest.xml:94:13-82
138            android:configChanges="keyboard|keyboardHidden|orientation|screenLayout|uiMode|screenSize|smallestScreenSize"
138-->[com.google.android.gms:play-services-ads-api:24.1.0] AndroidManifest.xml:95:13-122
139            android:exported="false" />
139-->[com.google.android.gms:play-services-ads-api:24.1.0] AndroidManifest.xml:96:13-37
140        <activity
140-->[com.google.android.gms:play-services-ads-api:24.1.0] AndroidManifest.xml:98:9-105:43
141            android:name="com.google.android.gms.ads.NotificationHandlerActivity"
141-->[com.google.android.gms:play-services-ads-api:24.1.0] AndroidManifest.xml:99:13-82
142            android:excludeFromRecents="true"
142-->[com.google.android.gms:play-services-ads-api:24.1.0] AndroidManifest.xml:100:13-46
143            android:exported="false"
143-->[com.google.android.gms:play-services-ads-api:24.1.0] AndroidManifest.xml:101:13-37
144            android:launchMode="singleTask"
144-->[com.google.android.gms:play-services-ads-api:24.1.0] AndroidManifest.xml:102:13-44
145            android:taskAffinity=""
145-->[com.google.android.gms:play-services-ads-api:24.1.0] AndroidManifest.xml:103:13-36
146            android:theme="@android:style/Theme.Translucent.NoTitleBar" />
146-->[com.google.android.gms:play-services-ads-api:24.1.0] AndroidManifest.xml:104:13-72
147
148        <meta-data
148-->[com.google.android.gms:play-services-ads-api:24.1.0] AndroidManifest.xml:107:9-109:36
149            android:name="com.google.android.gms.ads.flag.OPTIMIZE_AD_LOADING"
149-->[com.google.android.gms:play-services-ads-api:24.1.0] AndroidManifest.xml:108:13-79
150            android:value="true" />
150-->[com.google.android.gms:play-services-ads-api:24.1.0] AndroidManifest.xml:109:13-33
151        <meta-data
151-->[com.google.android.gms:play-services-ads-api:24.1.0] AndroidManifest.xml:110:9-112:36
152            android:name="com.google.android.gms.ads.flag.OPTIMIZE_INITIALIZATION"
152-->[com.google.android.gms:play-services-ads-api:24.1.0] AndroidManifest.xml:111:13-83
153            android:value="true" />
153-->[com.google.android.gms:play-services-ads-api:24.1.0] AndroidManifest.xml:112:13-33
154
155        <activity
155-->[com.google.android.gms:play-services-base:18.0.0] AndroidManifest.xml:20:9-22:45
156            android:name="com.google.android.gms.common.api.GoogleApiActivity"
156-->[com.google.android.gms:play-services-base:18.0.0] AndroidManifest.xml:20:19-85
157            android:exported="false"
157-->[com.google.android.gms:play-services-base:18.0.0] AndroidManifest.xml:22:19-43
158            android:theme="@android:style/Theme.Translucent.NoTitleBar" />
158-->[com.google.android.gms:play-services-base:18.0.0] AndroidManifest.xml:21:19-78
159
160        <meta-data
160-->[com.google.android.gms:play-services-basement:18.4.0] AndroidManifest.xml:6:9-122
161            android:name="com.google.android.gms.version"
161-->[com.google.android.gms:play-services-basement:18.4.0] AndroidManifest.xml:6:20-65
162            android:value="@integer/google_play_services_version" />
162-->[com.google.android.gms:play-services-basement:18.4.0] AndroidManifest.xml:6:66-119
163
164        <uses-library
164-->[androidx.window:window:1.2.0] AndroidManifest.xml:23:9-25:40
165            android:name="androidx.window.extensions"
165-->[androidx.window:window:1.2.0] AndroidManifest.xml:24:13-54
166            android:required="false" />
166-->[androidx.window:window:1.2.0] AndroidManifest.xml:25:13-37
167        <uses-library
167-->[androidx.window:window:1.2.0] AndroidManifest.xml:26:9-28:40
168            android:name="androidx.window.sidecar"
168-->[androidx.window:window:1.2.0] AndroidManifest.xml:27:13-51
169            android:required="false" />
169-->[androidx.window:window:1.2.0] AndroidManifest.xml:28:13-37
170        <uses-library
170-->[androidx.privacysandbox.ads:ads-adservices:1.0.0-beta05] AndroidManifest.xml:23:9-25:40
171            android:name="android.ext.adservices"
171-->[androidx.privacysandbox.ads:ads-adservices:1.0.0-beta05] AndroidManifest.xml:24:13-50
172            android:required="false" />
172-->[androidx.privacysandbox.ads:ads-adservices:1.0.0-beta05] AndroidManifest.xml:25:13-37
173
174        <provider
174-->[androidx.work:work-runtime:2.7.0] AndroidManifest.xml:31:9-39:20
175            android:name="androidx.startup.InitializationProvider"
175-->[androidx.work:work-runtime:2.7.0] AndroidManifest.xml:32:13-67
176            android:authorities="com.jay.focuspulse.androidx-startup"
176-->[androidx.work:work-runtime:2.7.0] AndroidManifest.xml:33:13-68
177            android:exported="false" >
177-->[androidx.work:work-runtime:2.7.0] AndroidManifest.xml:34:13-37
178            <meta-data
178-->[androidx.work:work-runtime:2.7.0] AndroidManifest.xml:36:13-38:52
179                android:name="androidx.work.WorkManagerInitializer"
179-->[androidx.work:work-runtime:2.7.0] AndroidManifest.xml:37:17-68
180                android:value="androidx.startup" />
180-->[androidx.work:work-runtime:2.7.0] AndroidManifest.xml:38:17-49
181            <meta-data
181-->[androidx.lifecycle:lifecycle-process:2.7.0] AndroidManifest.xml:29:13-31:52
182                android:name="androidx.lifecycle.ProcessLifecycleInitializer"
182-->[androidx.lifecycle:lifecycle-process:2.7.0] AndroidManifest.xml:30:17-78
183                android:value="androidx.startup" />
183-->[androidx.lifecycle:lifecycle-process:2.7.0] AndroidManifest.xml:31:17-49
184            <meta-data
184-->[androidx.profileinstaller:profileinstaller:1.3.1] AndroidManifest.xml:29:13-31:52
185                android:name="androidx.profileinstaller.ProfileInstallerInitializer"
185-->[androidx.profileinstaller:profileinstaller:1.3.1] AndroidManifest.xml:30:17-85
186                android:value="androidx.startup" />
186-->[androidx.profileinstaller:profileinstaller:1.3.1] AndroidManifest.xml:31:17-49
187        </provider>
188
189        <service
189-->[androidx.work:work-runtime:2.7.0] AndroidManifest.xml:41:9-46:35
190            android:name="androidx.work.impl.background.systemalarm.SystemAlarmService"
190-->[androidx.work:work-runtime:2.7.0] AndroidManifest.xml:42:13-88
191            android:directBootAware="false"
191-->[androidx.work:work-runtime:2.7.0] AndroidManifest.xml:43:13-44
192            android:enabled="@bool/enable_system_alarm_service_default"
192-->[androidx.work:work-runtime:2.7.0] AndroidManifest.xml:44:13-72
193            android:exported="false" />
193-->[androidx.work:work-runtime:2.7.0] AndroidManifest.xml:45:13-37
194        <service
194-->[androidx.work:work-runtime:2.7.0] AndroidManifest.xml:47:9-53:35
195            android:name="androidx.work.impl.background.systemjob.SystemJobService"
195-->[androidx.work:work-runtime:2.7.0] AndroidManifest.xml:48:13-84
196            android:directBootAware="false"
196-->[androidx.work:work-runtime:2.7.0] AndroidManifest.xml:49:13-44
197            android:enabled="@bool/enable_system_job_service_default"
197-->[androidx.work:work-runtime:2.7.0] AndroidManifest.xml:50:13-70
198            android:exported="true"
198-->[androidx.work:work-runtime:2.7.0] AndroidManifest.xml:51:13-36
199            android:permission="android.permission.BIND_JOB_SERVICE" />
199-->[androidx.work:work-runtime:2.7.0] AndroidManifest.xml:52:13-69
200        <service
200-->[androidx.work:work-runtime:2.7.0] AndroidManifest.xml:54:9-59:35
201            android:name="androidx.work.impl.foreground.SystemForegroundService"
201-->[androidx.work:work-runtime:2.7.0] AndroidManifest.xml:55:13-81
202            android:directBootAware="false"
202-->[androidx.work:work-runtime:2.7.0] AndroidManifest.xml:56:13-44
203            android:enabled="@bool/enable_system_foreground_service_default"
203-->[androidx.work:work-runtime:2.7.0] AndroidManifest.xml:57:13-77
204            android:exported="false" />
204-->[androidx.work:work-runtime:2.7.0] AndroidManifest.xml:58:13-37
205
206        <receiver
206-->[androidx.work:work-runtime:2.7.0] AndroidManifest.xml:61:9-66:35
207            android:name="androidx.work.impl.utils.ForceStopRunnable$BroadcastReceiver"
207-->[androidx.work:work-runtime:2.7.0] AndroidManifest.xml:62:13-88
208            android:directBootAware="false"
208-->[androidx.work:work-runtime:2.7.0] AndroidManifest.xml:63:13-44
209            android:enabled="true"
209-->[androidx.work:work-runtime:2.7.0] AndroidManifest.xml:64:13-35
210            android:exported="false" />
210-->[androidx.work:work-runtime:2.7.0] AndroidManifest.xml:65:13-37
211        <receiver
211-->[androidx.work:work-runtime:2.7.0] AndroidManifest.xml:67:9-77:20
212            android:name="androidx.work.impl.background.systemalarm.ConstraintProxy$BatteryChargingProxy"
212-->[androidx.work:work-runtime:2.7.0] AndroidManifest.xml:68:13-106
213            android:directBootAware="false"
213-->[androidx.work:work-runtime:2.7.0] AndroidManifest.xml:69:13-44
214            android:enabled="false"
214-->[androidx.work:work-runtime:2.7.0] AndroidManifest.xml:70:13-36
215            android:exported="false" >
215-->[androidx.work:work-runtime:2.7.0] AndroidManifest.xml:71:13-37
216            <intent-filter>
216-->[androidx.work:work-runtime:2.7.0] AndroidManifest.xml:73:13-76:29
217                <action android:name="android.intent.action.ACTION_POWER_CONNECTED" />
217-->[androidx.work:work-runtime:2.7.0] AndroidManifest.xml:74:17-87
217-->[androidx.work:work-runtime:2.7.0] AndroidManifest.xml:74:25-84
218                <action android:name="android.intent.action.ACTION_POWER_DISCONNECTED" />
218-->[androidx.work:work-runtime:2.7.0] AndroidManifest.xml:75:17-90
218-->[androidx.work:work-runtime:2.7.0] AndroidManifest.xml:75:25-87
219            </intent-filter>
220        </receiver>
221        <receiver
221-->[androidx.work:work-runtime:2.7.0] AndroidManifest.xml:78:9-88:20
222            android:name="androidx.work.impl.background.systemalarm.ConstraintProxy$BatteryNotLowProxy"
222-->[androidx.work:work-runtime:2.7.0] AndroidManifest.xml:79:13-104
223            android:directBootAware="false"
223-->[androidx.work:work-runtime:2.7.0] AndroidManifest.xml:80:13-44
224            android:enabled="false"
224-->[androidx.work:work-runtime:2.7.0] AndroidManifest.xml:81:13-36
225            android:exported="false" >
225-->[androidx.work:work-runtime:2.7.0] AndroidManifest.xml:82:13-37
226            <intent-filter>
226-->[androidx.work:work-runtime:2.7.0] AndroidManifest.xml:84:13-87:29
227                <action android:name="android.intent.action.BATTERY_OKAY" />
227-->[androidx.work:work-runtime:2.7.0] AndroidManifest.xml:85:17-77
227-->[androidx.work:work-runtime:2.7.0] AndroidManifest.xml:85:25-74
228                <action android:name="android.intent.action.BATTERY_LOW" />
228-->[androidx.work:work-runtime:2.7.0] AndroidManifest.xml:86:17-76
228-->[androidx.work:work-runtime:2.7.0] AndroidManifest.xml:86:25-73
229            </intent-filter>
230        </receiver>
231        <receiver
231-->[androidx.work:work-runtime:2.7.0] AndroidManifest.xml:89:9-99:20
232            android:name="androidx.work.impl.background.systemalarm.ConstraintProxy$StorageNotLowProxy"
232-->[androidx.work:work-runtime:2.7.0] AndroidManifest.xml:90:13-104
233            android:directBootAware="false"
233-->[androidx.work:work-runtime:2.7.0] AndroidManifest.xml:91:13-44
234            android:enabled="false"
234-->[androidx.work:work-runtime:2.7.0] AndroidManifest.xml:92:13-36
235            android:exported="false" >
235-->[androidx.work:work-runtime:2.7.0] AndroidManifest.xml:93:13-37
236            <intent-filter>
236-->[androidx.work:work-runtime:2.7.0] AndroidManifest.xml:95:13-98:29
237                <action android:name="android.intent.action.DEVICE_STORAGE_LOW" />
237-->[androidx.work:work-runtime:2.7.0] AndroidManifest.xml:96:17-83
237-->[androidx.work:work-runtime:2.7.0] AndroidManifest.xml:96:25-80
238                <action android:name="android.intent.action.DEVICE_STORAGE_OK" />
238-->[androidx.work:work-runtime:2.7.0] AndroidManifest.xml:97:17-82
238-->[androidx.work:work-runtime:2.7.0] AndroidManifest.xml:97:25-79
239            </intent-filter>
240        </receiver>
241        <receiver
241-->[androidx.work:work-runtime:2.7.0] AndroidManifest.xml:100:9-109:20
242            android:name="androidx.work.impl.background.systemalarm.ConstraintProxy$NetworkStateProxy"
242-->[androidx.work:work-runtime:2.7.0] AndroidManifest.xml:101:13-103
243            android:directBootAware="false"
243-->[androidx.work:work-runtime:2.7.0] AndroidManifest.xml:102:13-44
244            android:enabled="false"
244-->[androidx.work:work-runtime:2.7.0] AndroidManifest.xml:103:13-36
245            android:exported="false" >
245-->[androidx.work:work-runtime:2.7.0] AndroidManifest.xml:104:13-37
246            <intent-filter>
246-->[androidx.work:work-runtime:2.7.0] AndroidManifest.xml:106:13-108:29
247                <action android:name="android.net.conn.CONNECTIVITY_CHANGE" />
247-->[androidx.work:work-runtime:2.7.0] AndroidManifest.xml:107:17-79
247-->[androidx.work:work-runtime:2.7.0] AndroidManifest.xml:107:25-76
248            </intent-filter>
249        </receiver>
250        <receiver
250-->[androidx.work:work-runtime:2.7.0] AndroidManifest.xml:110:9-121:20
251            android:name="androidx.work.impl.background.systemalarm.RescheduleReceiver"
251-->[androidx.work:work-runtime:2.7.0] AndroidManifest.xml:111:13-88
252            android:directBootAware="false"
252-->[androidx.work:work-runtime:2.7.0] AndroidManifest.xml:112:13-44
253            android:enabled="false"
253-->[androidx.work:work-runtime:2.7.0] AndroidManifest.xml:113:13-36
254            android:exported="false" >
254-->[androidx.work:work-runtime:2.7.0] AndroidManifest.xml:114:13-37
255            <intent-filter>
255-->[androidx.work:work-runtime:2.7.0] AndroidManifest.xml:116:13-120:29
256                <action android:name="android.intent.action.BOOT_COMPLETED" />
256-->[androidx.work:work-runtime:2.7.0] AndroidManifest.xml:117:17-79
256-->[androidx.work:work-runtime:2.7.0] AndroidManifest.xml:117:25-76
257                <action android:name="android.intent.action.TIME_SET" />
257-->[androidx.work:work-runtime:2.7.0] AndroidManifest.xml:118:17-73
257-->[androidx.work:work-runtime:2.7.0] AndroidManifest.xml:118:25-70
258                <action android:name="android.intent.action.TIMEZONE_CHANGED" />
258-->[androidx.work:work-runtime:2.7.0] AndroidManifest.xml:119:17-81
258-->[androidx.work:work-runtime:2.7.0] AndroidManifest.xml:119:25-78
259            </intent-filter>
260        </receiver>
261        <receiver
261-->[androidx.work:work-runtime:2.7.0] AndroidManifest.xml:122:9-131:20
262            android:name="androidx.work.impl.background.systemalarm.ConstraintProxyUpdateReceiver"
262-->[androidx.work:work-runtime:2.7.0] AndroidManifest.xml:123:13-99
263            android:directBootAware="false"
263-->[androidx.work:work-runtime:2.7.0] AndroidManifest.xml:124:13-44
264            android:enabled="@bool/enable_system_alarm_service_default"
264-->[androidx.work:work-runtime:2.7.0] AndroidManifest.xml:125:13-72
265            android:exported="false" >
265-->[androidx.work:work-runtime:2.7.0] AndroidManifest.xml:126:13-37
266            <intent-filter>
266-->[androidx.work:work-runtime:2.7.0] AndroidManifest.xml:128:13-130:29
267                <action android:name="androidx.work.impl.background.systemalarm.UpdateProxies" />
267-->[androidx.work:work-runtime:2.7.0] AndroidManifest.xml:129:17-98
267-->[androidx.work:work-runtime:2.7.0] AndroidManifest.xml:129:25-95
268            </intent-filter>
269        </receiver>
270        <receiver
270-->[androidx.work:work-runtime:2.7.0] AndroidManifest.xml:132:9-142:20
271            android:name="androidx.work.impl.diagnostics.DiagnosticsReceiver"
271-->[androidx.work:work-runtime:2.7.0] AndroidManifest.xml:133:13-78
272            android:directBootAware="false"
272-->[androidx.work:work-runtime:2.7.0] AndroidManifest.xml:134:13-44
273            android:enabled="true"
273-->[androidx.work:work-runtime:2.7.0] AndroidManifest.xml:135:13-35
274            android:exported="true"
274-->[androidx.work:work-runtime:2.7.0] AndroidManifest.xml:136:13-36
275            android:permission="android.permission.DUMP" >
275-->[androidx.work:work-runtime:2.7.0] AndroidManifest.xml:137:13-57
276            <intent-filter>
276-->[androidx.work:work-runtime:2.7.0] AndroidManifest.xml:139:13-141:29
277                <action android:name="androidx.work.diagnostics.REQUEST_DIAGNOSTICS" />
277-->[androidx.work:work-runtime:2.7.0] AndroidManifest.xml:140:17-88
277-->[androidx.work:work-runtime:2.7.0] AndroidManifest.xml:140:25-85
278            </intent-filter>
279        </receiver>
280        <receiver
280-->[androidx.profileinstaller:profileinstaller:1.3.1] AndroidManifest.xml:34:9-52:20
281            android:name="androidx.profileinstaller.ProfileInstallReceiver"
281-->[androidx.profileinstaller:profileinstaller:1.3.1] AndroidManifest.xml:35:13-76
282            android:directBootAware="false"
282-->[androidx.profileinstaller:profileinstaller:1.3.1] AndroidManifest.xml:36:13-44
283            android:enabled="true"
283-->[androidx.profileinstaller:profileinstaller:1.3.1] AndroidManifest.xml:37:13-35
284            android:exported="true"
284-->[androidx.profileinstaller:profileinstaller:1.3.1] AndroidManifest.xml:38:13-36